{"/workspaces/codespaces-blank/Portfolio-Repository/Portfolio-Repository2/fullstackopen/part5/bloglist-frontend/src/App.jsx": {"path":"/workspaces/codespaces-blank/Portfolio-Repository/Portfolio-Repository2/fullstackopen/part5/bloglist-frontend/src/App.jsx","all":true,"statementMap":{"0":{"start":{"line":1,"column":0},"end":{"line":1,"column":51}},"1":{"start":{"line":2,"column":0},"end":{"line":2,"column":46}},"2":{"start":{"line":3,"column":0},"end":{"line":3,"column":42}},"3":{"start":{"line":4,"column":0},"end":{"line":4,"column":48}},"4":{"start":{"line":5,"column":0},"end":{"line":5,"column":42}},"5":{"start":{"line":6,"column":0},"end":{"line":6,"column":43}},"6":{"start":{"line":7,"column":0},"end":{"line":7,"column":21}},"9":{"start":{"line":10,"column":0},"end":{"line":10,"column":41}},"10":{"start":{"line":11,"column":0},"end":{"line":11,"column":19}},"11":{"start":{"line":12,"column":0},"end":{"line":12,"column":40}},"12":{"start":{"line":13,"column":0},"end":{"line":13,"column":46}},"13":{"start":{"line":14,"column":0},"end":{"line":14,"column":46}},"14":{"start":{"line":15,"column":0},"end":{"line":15,"column":40}},"15":{"start":{"line":16,"column":0},"end":{"line":16,"column":46}},"16":{"start":{"line":17,"column":0},"end":{"line":17,"column":30}},"17":{"start":{"line":18,"column":0},"end":{"line":18,"column":41}},"18":{"start":{"line":19,"column":0},"end":{"line":19,"column":28}},"19":{"start":{"line":20,"column":0},"end":{"line":20,"column":17}},"20":{"start":{"line":21,"column":0},"end":{"line":21,"column":5}},"21":{"start":{"line":22,"column":0},"end":{"line":22,"column":12}},"22":{"start":{"line":23,"column":0},"end":{"line":23,"column":36}},"23":{"start":{"line":24,"column":0},"end":{"line":24,"column":17}},"24":{"start":{"line":25,"column":0},"end":{"line":25,"column":12}},"26":{"start":{"line":27,"column":0},"end":{"line":27,"column":3}},"28":{"start":{"line":29,"column":0},"end":{"line":29,"column":38}},"29":{"start":{"line":30,"column":0},"end":{"line":30,"column":9}},"30":{"start":{"line":31,"column":0},"end":{"line":31,"column":60}},"31":{"start":{"line":32,"column":0},"end":{"line":32,"column":73}},"32":{"start":{"line":33,"column":0},"end":{"line":33,"column":67}},"33":{"start":{"line":34,"column":0},"end":{"line":34,"column":46}},"34":{"start":{"line":35,"column":0},"end":{"line":35,"column":24}},"35":{"start":{"line":36,"column":0},"end":{"line":36,"column":24}},"36":{"start":{"line":37,"column":0},"end":{"line":37,"column":13}},"37":{"start":{"line":38,"column":0},"end":{"line":38,"column":24}},"38":{"start":{"line":39,"column":0},"end":{"line":39,"column":55}},"39":{"start":{"line":40,"column":0},"end":{"line":40,"column":50}},"40":{"start":{"line":41,"column":0},"end":{"line":41,"column":25}},"41":{"start":{"line":42,"column":0},"end":{"line":42,"column":24}},"42":{"start":{"line":43,"column":0},"end":{"line":43,"column":13}},"43":{"start":{"line":44,"column":0},"end":{"line":44,"column":5}},"44":{"start":{"line":45,"column":0},"end":{"line":45,"column":3}},"46":{"start":{"line":47,"column":0},"end":{"line":47,"column":40}},"47":{"start":{"line":48,"column":0},"end":{"line":48,"column":71}},"48":{"start":{"line":49,"column":0},"end":{"line":49,"column":11}},"49":{"start":{"line":50,"column":0},"end":{"line":50,"column":41}},"50":{"start":{"line":51,"column":0},"end":{"line":51,"column":53}},"51":{"start":{"line":52,"column":0},"end":{"line":52,"column":79}},"52":{"start":{"line":53,"column":0},"end":{"line":53,"column":26}},"53":{"start":{"line":54,"column":0},"end":{"line":54,"column":26}},"54":{"start":{"line":55,"column":0},"end":{"line":55,"column":16}},"55":{"start":{"line":56,"column":0},"end":{"line":56,"column":7}},"56":{"start":{"line":57,"column":0},"end":{"line":57,"column":25}},"57":{"start":{"line":58,"column":0},"end":{"line":58,"column":56}},"58":{"start":{"line":59,"column":0},"end":{"line":59,"column":41}},"59":{"start":{"line":60,"column":0},"end":{"line":60,"column":26}},"60":{"start":{"line":61,"column":0},"end":{"line":61,"column":26}},"61":{"start":{"line":62,"column":0},"end":{"line":62,"column":16}},"62":{"start":{"line":63,"column":0},"end":{"line":63,"column":7}},"63":{"start":{"line":64,"column":0},"end":{"line":64,"column":5}},"64":{"start":{"line":65,"column":0},"end":{"line":65,"column":10}},"65":{"start":{"line":66,"column":0},"end":{"line":66,"column":43}},"66":{"start":{"line":67,"column":0},"end":{"line":67,"column":24}},"67":{"start":{"line":68,"column":0},"end":{"line":68,"column":24}},"68":{"start":{"line":69,"column":0},"end":{"line":69,"column":14}},"69":{"start":{"line":70,"column":0},"end":{"line":70,"column":6}},"70":{"start":{"line":71,"column":0},"end":{"line":71,"column":46}},"71":{"start":{"line":72,"column":0},"end":{"line":72,"column":9}},"72":{"start":{"line":73,"column":0},"end":{"line":73,"column":63}},"73":{"start":{"line":74,"column":0},"end":{"line":74,"column":44}},"74":{"start":{"line":75,"column":0},"end":{"line":75,"column":84}},"75":{"start":{"line":76,"column":0},"end":{"line":76,"column":24}},"76":{"start":{"line":77,"column":0},"end":{"line":77,"column":24}},"77":{"start":{"line":78,"column":0},"end":{"line":78,"column":14}},"78":{"start":{"line":79,"column":0},"end":{"line":79,"column":42}},"80":{"start":{"line":81,"column":0},"end":{"line":81,"column":5}},"81":{"start":{"line":82,"column":0},"end":{"line":82,"column":22}},"82":{"start":{"line":83,"column":0},"end":{"line":83,"column":55}},"83":{"start":{"line":84,"column":0},"end":{"line":84,"column":39}},"84":{"start":{"line":85,"column":0},"end":{"line":85,"column":24}},"85":{"start":{"line":86,"column":0},"end":{"line":86,"column":24}},"86":{"start":{"line":87,"column":0},"end":{"line":87,"column":14}},"87":{"start":{"line":88,"column":0},"end":{"line":88,"column":5}},"88":{"start":{"line":89,"column":0},"end":{"line":89,"column":3}},"90":{"start":{"line":91,"column":0},"end":{"line":91,"column":19}},"91":{"start":{"line":92,"column":0},"end":{"line":92,"column":40}},"92":{"start":{"line":93,"column":0},"end":{"line":93,"column":65}},"93":{"start":{"line":94,"column":0},"end":{"line":94,"column":27}},"94":{"start":{"line":95,"column":0},"end":{"line":95,"column":8}},"95":{"start":{"line":96,"column":0},"end":{"line":96,"column":8}},"97":{"start":{"line":98,"column":0},"end":{"line":98,"column":19}},"98":{"start":{"line":99,"column":0},"end":{"line":99,"column":72}},"99":{"start":{"line":100,"column":0},"end":{"line":100,"column":27}},"100":{"start":{"line":101,"column":0},"end":{"line":101,"column":47}},"101":{"start":{"line":102,"column":0},"end":{"line":102,"column":19}},"102":{"start":{"line":103,"column":0},"end":{"line":103,"column":38}},"103":{"start":{"line":104,"column":0},"end":{"line":104,"column":5}},"104":{"start":{"line":105,"column":0},"end":{"line":105,"column":8}},"106":{"start":{"line":107,"column":0},"end":{"line":107,"column":24}},"107":{"start":{"line":108,"column":0},"end":{"line":108,"column":50}},"108":{"start":{"line":109,"column":0},"end":{"line":109,"column":17}},"109":{"start":{"line":110,"column":0},"end":{"line":110,"column":41}},"110":{"start":{"line":111,"column":0},"end":{"line":111,"column":22}},"111":{"start":{"line":112,"column":0},"end":{"line":112,"column":22}},"112":{"start":{"line":113,"column":0},"end":{"line":113,"column":12}},"113":{"start":{"line":114,"column":0},"end":{"line":114,"column":30}},"114":{"start":{"line":115,"column":0},"end":{"line":115,"column":19}},"115":{"start":{"line":116,"column":0},"end":{"line":116,"column":19}},"116":{"start":{"line":117,"column":0},"end":{"line":117,"column":3}},"118":{"start":{"line":119,"column":0},"end":{"line":119,"column":40}},"119":{"start":{"line":120,"column":0},"end":{"line":120,"column":26}},"120":{"start":{"line":121,"column":0},"end":{"line":121,"column":9}},"121":{"start":{"line":122,"column":0},"end":{"line":122,"column":45}},"122":{"start":{"line":123,"column":0},"end":{"line":123,"column":26}},"123":{"start":{"line":124,"column":0},"end":{"line":124,"column":8}},"124":{"start":{"line":125,"column":0},"end":{"line":125,"column":34}},"125":{"start":{"line":126,"column":0},"end":{"line":126,"column":44}},"126":{"start":{"line":127,"column":0},"end":{"line":127,"column":7}},"127":{"start":{"line":128,"column":0},"end":{"line":128,"column":40}},"128":{"start":{"line":129,"column":0},"end":{"line":129,"column":24}},"129":{"start":{"line":130,"column":0},"end":{"line":130,"column":24}},"130":{"start":{"line":131,"column":0},"end":{"line":131,"column":14}},"131":{"start":{"line":132,"column":0},"end":{"line":132,"column":38}},"132":{"start":{"line":133,"column":0},"end":{"line":133,"column":19}},"133":{"start":{"line":134,"column":0},"end":{"line":134,"column":21}},"134":{"start":{"line":135,"column":0},"end":{"line":135,"column":21}},"135":{"start":{"line":136,"column":0},"end":{"line":136,"column":5}},"136":{"start":{"line":137,"column":0},"end":{"line":137,"column":22}},"137":{"start":{"line":138,"column":0},"end":{"line":138,"column":47}},"138":{"start":{"line":139,"column":0},"end":{"line":139,"column":37}},"139":{"start":{"line":140,"column":0},"end":{"line":140,"column":24}},"140":{"start":{"line":141,"column":0},"end":{"line":141,"column":24}},"141":{"start":{"line":142,"column":0},"end":{"line":142,"column":14}},"142":{"start":{"line":143,"column":0},"end":{"line":143,"column":21}},"143":{"start":{"line":144,"column":0},"end":{"line":144,"column":21}},"144":{"start":{"line":145,"column":0},"end":{"line":145,"column":5}},"145":{"start":{"line":146,"column":0},"end":{"line":146,"column":3}},"147":{"start":{"line":148,"column":0},"end":{"line":148,"column":10}},"148":{"start":{"line":149,"column":0},"end":{"line":149,"column":9}},"149":{"start":{"line":150,"column":0},"end":{"line":150,"column":40}},"150":{"start":{"line":151,"column":0},"end":{"line":151,"column":20}},"151":{"start":{"line":152,"column":0},"end":{"line":152,"column":398}},"152":{"start":{"line":153,"column":0},"end":{"line":153,"column":24}},"153":{"start":{"line":154,"column":0},"end":{"line":154,"column":94}},"154":{"start":{"line":155,"column":0},"end":{"line":155,"column":8}},"155":{"start":{"line":156,"column":0},"end":{"line":156,"column":10}},"157":{"start":{"line":158,"column":0},"end":{"line":158,"column":1}},"159":{"start":{"line":160,"column":0},"end":{"line":160,"column":18}}},"s":{"0":0,"1":0,"2":0,"3":0,"4":0,"5":0,"6":0,"9":0,"10":0,"11":0,"12":0,"13":0,"14":0,"15":0,"16":0,"17":0,"18":0,"19":0,"20":0,"21":0,"22":0,"23":0,"24":0,"26":0,"28":0,"29":0,"30":0,"31":0,"32":0,"33":0,"34":0,"35":0,"36":0,"37":0,"38":0,"39":0,"40":0,"41":0,"42":0,"43":0,"44":0,"46":0,"47":0,"48":0,"49":0,"50":0,"51":0,"52":0,"53":0,"54":0,"55":0,"56":0,"57":0,"58":0,"59":0,"60":0,"61":0,"62":0,"63":0,"64":0,"65":0,"66":0,"67":0,"68":0,"69":0,"70":0,"71":0,"72":0,"73":0,"74":0,"75":0,"76":0,"77":0,"78":0,"80":0,"81":0,"82":0,"83":0,"84":0,"85":0,"86":0,"87":0,"88":0,"90":0,"91":0,"92":0,"93":0,"94":0,"95":0,"97":0,"98":0,"99":0,"100":0,"101":0,"102":0,"103":0,"104":0,"106":0,"107":0,"108":0,"109":0,"110":0,"111":0,"112":0,"113":0,"114":0,"115":0,"116":0,"118":0,"119":0,"120":0,"121":0,"122":0,"123":0,"124":0,"125":0,"126":0,"127":0,"128":0,"129":0,"130":0,"131":0,"132":0,"133":0,"134":0,"135":0,"136":0,"137":0,"138":0,"139":0,"140":0,"141":0,"142":0,"143":0,"144":0,"145":0,"147":0,"148":0,"149":0,"150":0,"151":0,"152":0,"153":0,"154":0,"155":0,"157":0,"159":0},"branchMap":{"0":{"type":"branch","line":1,"loc":{"start":{"line":1,"column":4692},"end":{"line":160,"column":18}},"locations":[{"start":{"line":1,"column":4692},"end":{"line":160,"column":18}}]}},"b":{"0":[0]},"fnMap":{"0":{"name":"(empty-report)","decl":{"start":{"line":1,"column":4692},"end":{"line":160,"column":18}},"loc":{"start":{"line":1,"column":4692},"end":{"line":160,"column":18}},"line":1}},"f":{"0":0}}
,"/workspaces/codespaces-blank/Portfolio-Repository/Portfolio-Repository2/fullstackopen/part5/bloglist-frontend/src/main.jsx": {"path":"/workspaces/codespaces-blank/Portfolio-Repository/Portfolio-Repository2/fullstackopen/part5/bloglist-frontend/src/main.jsx","all":true,"statementMap":{"0":{"start":{"line":1,"column":0},"end":{"line":1,"column":39}},"1":{"start":{"line":2,"column":0},"end":{"line":2,"column":23}},"3":{"start":{"line":4,"column":0},"end":{"line":4,"column":68}}},"s":{"0":0,"1":0,"3":0},"branchMap":{"0":{"type":"branch","line":1,"loc":{"start":{"line":1,"column":125},"end":{"line":4,"column":-26}},"locations":[{"start":{"line":1,"column":125},"end":{"line":4,"column":-26}}]}},"b":{"0":[0]},"fnMap":{"0":{"name":"(empty-report)","decl":{"start":{"line":1,"column":125},"end":{"line":4,"column":-26}},"loc":{"start":{"line":1,"column":125},"end":{"line":4,"column":-26}},"line":1}},"f":{"0":0}}
,"/workspaces/codespaces-blank/Portfolio-Repository/Portfolio-Repository2/fullstackopen/part5/bloglist-frontend/src/components/Blog.jsx": {"path":"/workspaces/codespaces-blank/Portfolio-Repository/Portfolio-Repository2/fullstackopen/part5/bloglist-frontend/src/components/Blog.jsx","all":true,"statementMap":{"0":{"start":{"line":1,"column":0},"end":{"line":1,"column":32}},"1":{"start":{"line":2,"column":0},"end":{"line":2,"column":34}},"2":{"start":{"line":3,"column":0},"end":{"line":3,"column":52}},"3":{"start":{"line":4,"column":0},"end":{"line":4,"column":61}},"4":{"start":{"line":5,"column":0},"end":{"line":5,"column":77}},"5":{"start":{"line":6,"column":0},"end":{"line":6,"column":38}},"6":{"start":{"line":7,"column":0},"end":{"line":7,"column":20}},"7":{"start":{"line":8,"column":0},"end":{"line":8,"column":3}},"8":{"start":{"line":9,"column":0},"end":{"line":9,"column":23}},"9":{"start":{"line":10,"column":0},"end":{"line":10,"column":12}},"10":{"start":{"line":11,"column":0},"end":{"line":11,"column":28}},"11":{"start":{"line":12,"column":0},"end":{"line":12,"column":93}},"12":{"start":{"line":13,"column":0},"end":{"line":13,"column":27}},"13":{"start":{"line":14,"column":0},"end":{"line":14,"column":96}},"14":{"start":{"line":15,"column":0},"end":{"line":15,"column":30}},"15":{"start":{"line":16,"column":0},"end":{"line":16,"column":57}},"16":{"start":{"line":17,"column":0},"end":{"line":17,"column":68}},"18":{"start":{"line":19,"column":0},"end":{"line":19,"column":12}},"20":{"start":{"line":21,"column":0},"end":{"line":21,"column":3}},"21":{"start":{"line":22,"column":0},"end":{"line":22,"column":10}},"22":{"start":{"line":23,"column":0},"end":{"line":23,"column":26}},"23":{"start":{"line":24,"column":0},"end":{"line":24,"column":106}},"24":{"start":{"line":25,"column":0},"end":{"line":25,"column":10}},"26":{"start":{"line":27,"column":0},"end":{"line":27,"column":1}},"28":{"start":{"line":29,"column":0},"end":{"line":29,"column":40}},"29":{"start":{"line":30,"column":0},"end":{"line":30,"column":46}},"30":{"start":{"line":31,"column":0},"end":{"line":31,"column":48}},"31":{"start":{"line":32,"column":0},"end":{"line":32,"column":42}},"32":{"start":{"line":33,"column":0},"end":{"line":33,"column":39}},"33":{"start":{"line":34,"column":0},"end":{"line":34,"column":26}},"34":{"start":{"line":35,"column":0},"end":{"line":35,"column":24}},"35":{"start":{"line":36,"column":0},"end":{"line":36,"column":22}},"36":{"start":{"line":37,"column":0},"end":{"line":37,"column":24}},"37":{"start":{"line":38,"column":0},"end":{"line":38,"column":17}},"38":{"start":{"line":39,"column":0},"end":{"line":39,"column":5}},"39":{"start":{"line":40,"column":0},"end":{"line":40,"column":28}},"40":{"start":{"line":41,"column":0},"end":{"line":41,"column":19}},"41":{"start":{"line":42,"column":0},"end":{"line":42,"column":20}},"42":{"start":{"line":43,"column":0},"end":{"line":43,"column":17}},"43":{"start":{"line":44,"column":0},"end":{"line":44,"column":3}},"44":{"start":{"line":45,"column":0},"end":{"line":45,"column":10}},"45":{"start":{"line":46,"column":0},"end":{"line":46,"column":38}},"46":{"start":{"line":47,"column":0},"end":{"line":47,"column":11}},"47":{"start":{"line":48,"column":0},"end":{"line":48,"column":21}},"48":{"start":{"line":49,"column":0},"end":{"line":49,"column":21}},"49":{"start":{"line":50,"column":0},"end":{"line":50,"column":26}},"50":{"start":{"line":51,"column":0},"end":{"line":51,"column":62}},"51":{"start":{"line":52,"column":0},"end":{"line":52,"column":10}},"52":{"start":{"line":53,"column":0},"end":{"line":53,"column":12}},"53":{"start":{"line":54,"column":0},"end":{"line":54,"column":11}},"54":{"start":{"line":55,"column":0},"end":{"line":55,"column":22}},"55":{"start":{"line":56,"column":0},"end":{"line":56,"column":21}},"56":{"start":{"line":57,"column":0},"end":{"line":57,"column":27}},"57":{"start":{"line":58,"column":0},"end":{"line":58,"column":63}},"58":{"start":{"line":59,"column":0},"end":{"line":59,"column":10}},"59":{"start":{"line":60,"column":0},"end":{"line":60,"column":12}},"60":{"start":{"line":61,"column":0},"end":{"line":61,"column":11}},"61":{"start":{"line":62,"column":0},"end":{"line":62,"column":19}},"62":{"start":{"line":63,"column":0},"end":{"line":63,"column":21}},"63":{"start":{"line":64,"column":0},"end":{"line":64,"column":24}},"64":{"start":{"line":65,"column":0},"end":{"line":65,"column":60}},"65":{"start":{"line":66,"column":0},"end":{"line":66,"column":10}},"66":{"start":{"line":67,"column":0},"end":{"line":67,"column":12}},"67":{"start":{"line":68,"column":0},"end":{"line":68,"column":43}},"68":{"start":{"line":69,"column":0},"end":{"line":69,"column":11}},"70":{"start":{"line":71,"column":0},"end":{"line":71,"column":1}},"72":{"start":{"line":73,"column":0},"end":{"line":73,"column":22}},"73":{"start":{"line":74,"column":0},"end":{"line":74,"column":41}},"74":{"start":{"line":75,"column":0},"end":{"line":75,"column":1}},"75":{"start":{"line":76,"column":0},"end":{"line":76,"column":33}}},"s":{"0":0,"1":0,"2":0,"3":0,"4":0,"5":0,"6":0,"7":0,"8":0,"9":0,"10":0,"11":0,"12":0,"13":0,"14":0,"15":0,"16":0,"18":0,"20":0,"21":0,"22":0,"23":0,"24":0,"26":0,"28":0,"29":0,"30":0,"31":0,"32":0,"33":0,"34":0,"35":0,"36":0,"37":0,"38":0,"39":0,"40":0,"41":0,"42":0,"43":0,"44":0,"45":0,"46":0,"47":0,"48":0,"49":0,"50":0,"51":0,"52":0,"53":0,"54":0,"55":0,"56":0,"57":0,"58":0,"59":0,"60":0,"61":0,"62":0,"63":0,"64":0,"65":0,"66":0,"67":0,"68":0,"70":0,"72":0,"73":0,"74":0,"75":0},"branchMap":{"0":{"type":"branch","line":1,"loc":{"start":{"line":1,"column":2121},"end":{"line":76,"column":33}},"locations":[{"start":{"line":1,"column":2121},"end":{"line":76,"column":33}}]}},"b":{"0":[0]},"fnMap":{"0":{"name":"(empty-report)","decl":{"start":{"line":1,"column":2121},"end":{"line":76,"column":33}},"loc":{"start":{"line":1,"column":2121},"end":{"line":76,"column":33}},"line":1}},"f":{"0":0}}
,"/workspaces/codespaces-blank/Portfolio-Repository/Portfolio-Repository2/fullstackopen/part5/bloglist-frontend/src/components/Login.jsx": {"path":"/workspaces/codespaces-blank/Portfolio-Repository/Portfolio-Repository2/fullstackopen/part5/bloglist-frontend/src/components/Login.jsx","all":true,"statementMap":{"0":{"start":{"line":1,"column":0},"end":{"line":1,"column":86}},"1":{"start":{"line":2,"column":0},"end":{"line":2,"column":10}},"2":{"start":{"line":3,"column":0},"end":{"line":3,"column":33}},"3":{"start":{"line":4,"column":0},"end":{"line":4,"column":11}},"4":{"start":{"line":5,"column":0},"end":{"line":5,"column":139}},"5":{"start":{"line":6,"column":0},"end":{"line":6,"column":143}},"6":{"start":{"line":7,"column":0},"end":{"line":7,"column":44}},"7":{"start":{"line":8,"column":0},"end":{"line":8,"column":12}},"8":{"start":{"line":9,"column":0},"end":{"line":9,"column":11}},"10":{"start":{"line":11,"column":0},"end":{"line":11,"column":1}},"12":{"start":{"line":13,"column":0},"end":{"line":13,"column":24}}},"s":{"0":0,"1":0,"2":0,"3":0,"4":0,"5":0,"6":0,"7":0,"8":0,"10":0,"12":0},"branchMap":{"0":{"type":"branch","line":1,"loc":{"start":{"line":1,"column":529},"end":{"line":13,"column":24}},"locations":[{"start":{"line":1,"column":529},"end":{"line":13,"column":24}}]}},"b":{"0":[0]},"fnMap":{"0":{"name":"(empty-report)","decl":{"start":{"line":1,"column":529},"end":{"line":13,"column":24}},"loc":{"start":{"line":1,"column":529},"end":{"line":13,"column":24}},"line":1}},"f":{"0":0}}
,"/workspaces/codespaces-blank/Portfolio-Repository/Portfolio-Repository2/fullstackopen/part5/bloglist-frontend/src/components/Toggleable.jsx": {"path":"/workspaces/codespaces-blank/Portfolio-Repository/Portfolio-Repository2/fullstackopen/part5/bloglist-frontend/src/components/Toggleable.jsx","all":true,"statementMap":{"0":{"start":{"line":1,"column":0},"end":{"line":1,"column":65}},"2":{"start":{"line":3,"column":0},"end":{"line":3,"column":46}},"3":{"start":{"line":4,"column":0},"end":{"line":4,"column":47}},"5":{"start":{"line":6,"column":0},"end":{"line":6,"column":59}},"6":{"start":{"line":7,"column":0},"end":{"line":7,"column":59}},"7":{"start":{"line":8,"column":0},"end":{"line":8,"column":34}},"8":{"start":{"line":9,"column":0},"end":{"line":9,"column":24}},"9":{"start":{"line":10,"column":0},"end":{"line":10,"column":3}},"10":{"start":{"line":11,"column":0},"end":{"line":11,"column":34}},"11":{"start":{"line":12,"column":0},"end":{"line":12,"column":31}},"12":{"start":{"line":13,"column":0},"end":{"line":13,"column":4}},"13":{"start":{"line":14,"column":0},"end":{"line":14,"column":10}},"14":{"start":{"line":15,"column":0},"end":{"line":15,"column":9}},"15":{"start":{"line":16,"column":0},"end":{"line":16,"column":35}},"16":{"start":{"line":17,"column":0},"end":{"line":17,"column":71}},"17":{"start":{"line":18,"column":0},"end":{"line":18,"column":12}},"18":{"start":{"line":19,"column":0},"end":{"line":19,"column":34}},"19":{"start":{"line":20,"column":0},"end":{"line":20,"column":24}},"20":{"start":{"line":21,"column":0},"end":{"line":21,"column":58}},"21":{"start":{"line":22,"column":0},"end":{"line":22,"column":12}},"22":{"start":{"line":23,"column":0},"end":{"line":23,"column":10}},"25":{"start":{"line":26,"column":0},"end":{"line":26,"column":2}},"27":{"start":{"line":28,"column":0},"end":{"line":28,"column":37}},"28":{"start":{"line":29,"column":0},"end":{"line":29,"column":25}}},"s":{"0":0,"2":0,"3":0,"5":0,"6":0,"7":0,"8":0,"9":0,"10":0,"11":0,"12":0,"13":0,"14":0,"15":0,"16":0,"17":0,"18":0,"19":0,"20":0,"21":0,"22":0,"25":0,"27":0,"28":0},"branchMap":{"0":{"type":"branch","line":1,"loc":{"start":{"line":1,"column":776},"end":{"line":29,"column":25}},"locations":[{"start":{"line":1,"column":776},"end":{"line":29,"column":25}}]}},"b":{"0":[0]},"fnMap":{"0":{"name":"(empty-report)","decl":{"start":{"line":1,"column":776},"end":{"line":29,"column":25}},"loc":{"start":{"line":1,"column":776},"end":{"line":29,"column":25}},"line":1}},"f":{"0":0}}
,"/workspaces/codespaces-blank/Portfolio-Repository/Portfolio-Repository2/fullstackopen/part5/bloglist-frontend/src/services/blogs.js": {"path":"/workspaces/codespaces-blank/Portfolio-Repository/Portfolio-Repository2/fullstackopen/part5/bloglist-frontend/src/services/blogs.js","all":true,"statementMap":{"0":{"start":{"line":1,"column":0},"end":{"line":1,"column":25}},"1":{"start":{"line":2,"column":0},"end":{"line":2,"column":86}},"3":{"start":{"line":4,"column":0},"end":{"line":4,"column":16}},"5":{"start":{"line":6,"column":0},"end":{"line":6,"column":30}},"6":{"start":{"line":7,"column":0},"end":{"line":7,"column":30}},"7":{"start":{"line":8,"column":0},"end":{"line":8,"column":1}},"9":{"start":{"line":10,"column":0},"end":{"line":10,"column":22}},"10":{"start":{"line":11,"column":0},"end":{"line":11,"column":36}},"11":{"start":{"line":12,"column":0},"end":{"line":12,"column":48}},"12":{"start":{"line":13,"column":0},"end":{"line":13,"column":1}},"14":{"start":{"line":15,"column":0},"end":{"line":15,"column":35}},"15":{"start":{"line":16,"column":0},"end":{"line":16,"column":18}},"16":{"start":{"line":17,"column":0},"end":{"line":17,"column":37}},"17":{"start":{"line":18,"column":0},"end":{"line":18,"column":3}},"18":{"start":{"line":19,"column":0},"end":{"line":19,"column":63}},"19":{"start":{"line":20,"column":0},"end":{"line":20,"column":22}},"20":{"start":{"line":21,"column":0},"end":{"line":21,"column":1}},"22":{"start":{"line":23,"column":0},"end":{"line":23,"column":41}},"23":{"start":{"line":24,"column":0},"end":{"line":24,"column":18}},"24":{"start":{"line":25,"column":0},"end":{"line":25,"column":37}},"25":{"start":{"line":26,"column":0},"end":{"line":26,"column":3}},"26":{"start":{"line":27,"column":0},"end":{"line":27,"column":73}},"27":{"start":{"line":28,"column":0},"end":{"line":28,"column":22}},"28":{"start":{"line":29,"column":0},"end":{"line":29,"column":1}},"30":{"start":{"line":31,"column":0},"end":{"line":31,"column":30}},"31":{"start":{"line":32,"column":0},"end":{"line":32,"column":18}},"32":{"start":{"line":33,"column":0},"end":{"line":33,"column":37}},"33":{"start":{"line":34,"column":0},"end":{"line":34,"column":3}},"34":{"start":{"line":35,"column":0},"end":{"line":35,"column":65}},"35":{"start":{"line":36,"column":0},"end":{"line":36,"column":22}},"36":{"start":{"line":37,"column":0},"end":{"line":37,"column":1}},"38":{"start":{"line":39,"column":0},"end":{"line":39,"column":59}}},"s":{"0":0,"1":0,"3":0,"5":0,"6":0,"7":0,"9":0,"10":0,"11":0,"12":0,"14":0,"15":0,"16":0,"17":0,"18":0,"19":0,"20":0,"22":0,"23":0,"24":0,"25":0,"26":0,"27":0,"28":0,"30":0,"31":0,"32":0,"33":0,"34":0,"35":0,"36":0,"38":0},"branchMap":{"0":{"type":"branch","line":1,"loc":{"start":{"line":1,"column":942},"end":{"line":39,"column":59}},"locations":[{"start":{"line":1,"column":942},"end":{"line":39,"column":59}}]}},"b":{"0":[0]},"fnMap":{"0":{"name":"(empty-report)","decl":{"start":{"line":1,"column":942},"end":{"line":39,"column":59}},"loc":{"start":{"line":1,"column":942},"end":{"line":39,"column":59}},"line":1}},"f":{"0":0}}
,"/workspaces/codespaces-blank/Portfolio-Repository/Portfolio-Repository2/fullstackopen/part5/bloglist-frontend/src/services/login.js": {"path":"/workspaces/codespaces-blank/Portfolio-Repository/Portfolio-Repository2/fullstackopen/part5/bloglist-frontend/src/services/login.js","all":true,"statementMap":{"0":{"start":{"line":1,"column":0},"end":{"line":1,"column":25}},"1":{"start":{"line":2,"column":0},"end":{"line":2,"column":86}},"3":{"start":{"line":4,"column":0},"end":{"line":4,"column":38}},"4":{"start":{"line":5,"column":0},"end":{"line":5,"column":57}},"5":{"start":{"line":6,"column":0},"end":{"line":6,"column":22}},"6":{"start":{"line":7,"column":0},"end":{"line":7,"column":1}},"8":{"start":{"line":9,"column":0},"end":{"line":9,"column":24}}},"s":{"0":0,"1":0,"3":0,"4":0,"5":0,"6":0,"8":0},"branchMap":{"0":{"type":"branch","line":1,"loc":{"start":{"line":1,"column":261},"end":{"line":9,"column":24}},"locations":[{"start":{"line":1,"column":261},"end":{"line":9,"column":24}}]}},"b":{"0":[0]},"fnMap":{"0":{"name":"(empty-report)","decl":{"start":{"line":1,"column":261},"end":{"line":9,"column":24}},"loc":{"start":{"line":1,"column":261},"end":{"line":9,"column":24}},"line":1}},"f":{"0":0}}
,"/workspaces/codespaces-blank/Portfolio-Repository/Portfolio-Repository2/fullstackopen/part5/bloglist-frontend/src/tests/Blog.jsx": {"path":"/workspaces/codespaces-blank/Portfolio-Repository/Portfolio-Repository2/fullstackopen/part5/bloglist-frontend/src/tests/Blog.jsx","all":false,"statementMap":{"0":{"start":{"line":1,"column":0},"end":{"line":1,"column":32}},"1":{"start":{"line":2,"column":0},"end":{"line":2,"column":52}},"2":{"start":{"line":3,"column":0},"end":{"line":3,"column":61}},"3":{"start":{"line":4,"column":0},"end":{"line":4,"column":77}},"4":{"start":{"line":5,"column":0},"end":{"line":5,"column":38}},"5":{"start":{"line":6,"column":0},"end":{"line":6,"column":20}},"6":{"start":{"line":7,"column":0},"end":{"line":7,"column":3}},"7":{"start":{"line":8,"column":0},"end":{"line":8,"column":23}},"8":{"start":{"line":9,"column":0},"end":{"line":9,"column":12}},"9":{"start":{"line":10,"column":0},"end":{"line":10,"column":28}},"10":{"start":{"line":11,"column":0},"end":{"line":11,"column":93}},"11":{"start":{"line":12,"column":0},"end":{"line":12,"column":27}},"12":{"start":{"line":13,"column":0},"end":{"line":13,"column":96}},"13":{"start":{"line":14,"column":0},"end":{"line":14,"column":30}},"14":{"start":{"line":15,"column":0},"end":{"line":15,"column":57}},"15":{"start":{"line":16,"column":0},"end":{"line":16,"column":68}},"17":{"start":{"line":18,"column":0},"end":{"line":18,"column":12}},"19":{"start":{"line":20,"column":0},"end":{"line":20,"column":3}},"20":{"start":{"line":21,"column":0},"end":{"line":21,"column":10}},"21":{"start":{"line":22,"column":0},"end":{"line":22,"column":26}},"22":{"start":{"line":23,"column":0},"end":{"line":23,"column":106}},"23":{"start":{"line":24,"column":0},"end":{"line":24,"column":10}},"25":{"start":{"line":26,"column":0},"end":{"line":26,"column":1}},"26":{"start":{"line":27,"column":0},"end":{"line":27,"column":19}}},"s":{"0":1,"1":1,"2":6,"3":6,"4":6,"5":2,"6":2,"7":6,"8":2,"9":2,"10":2,"11":2,"12":2,"13":2,"14":2,"15":2,"17":2,"19":2,"20":4,"21":4,"22":4,"23":4,"25":4,"26":1},"branchMap":{"0":{"type":"branch","line":2,"loc":{"start":{"line":2,"column":13},"end":{"line":26,"column":1}},"locations":[{"start":{"line":2,"column":13},"end":{"line":26,"column":1}}]},"1":{"type":"branch","line":8,"loc":{"start":{"line":8,"column":22},"end":{"line":20,"column":3}},"locations":[{"start":{"line":8,"column":22},"end":{"line":20,"column":3}}]},"2":{"type":"branch","line":20,"loc":{"start":{"line":20,"column":2},"end":{"line":26,"column":1}},"locations":[{"start":{"line":20,"column":2},"end":{"line":26,"column":1}}]},"3":{"type":"branch","line":5,"loc":{"start":{"line":5,"column":27},"end":{"line":7,"column":3}},"locations":[{"start":{"line":5,"column":27},"end":{"line":7,"column":3}}]},"4":{"type":"branch","line":11,"loc":{"start":{"line":11,"column":43},"end":{"line":11,"column":75}},"locations":[{"start":{"line":11,"column":43},"end":{"line":11,"column":75}}]},"5":{"type":"branch","line":13,"loc":{"start":{"line":13,"column":48},"end":{"line":13,"column":78}},"locations":[{"start":{"line":13,"column":48},"end":{"line":13,"column":78}}]},"6":{"type":"branch","line":23,"loc":{"start":{"line":23,"column":57},"end":{"line":23,"column":88}},"locations":[{"start":{"line":23,"column":57},"end":{"line":23,"column":88}}]}},"b":{"0":[6],"1":[2],"2":[4],"3":[2],"4":[1],"5":[2],"6":[2]},"fnMap":{"0":{"name":"Blog","decl":{"start":{"line":2,"column":13},"end":{"line":26,"column":1}},"loc":{"start":{"line":2,"column":13},"end":{"line":26,"column":1}},"line":2},"1":{"name":"handleLikeSubmit","decl":{"start":{"line":5,"column":27},"end":{"line":7,"column":3}},"loc":{"start":{"line":5,"column":27},"end":{"line":7,"column":3}},"line":5},"2":{"name":"onClick","decl":{"start":{"line":11,"column":43},"end":{"line":11,"column":75}},"loc":{"start":{"line":11,"column":43},"end":{"line":11,"column":75}},"line":11},"3":{"name":"onClick","decl":{"start":{"line":13,"column":48},"end":{"line":13,"column":78}},"loc":{"start":{"line":13,"column":48},"end":{"line":13,"column":78}},"line":13},"4":{"name":"onClick","decl":{"start":{"line":16,"column":27},"end":{"line":16,"column":53}},"loc":{"start":{"line":16,"column":27},"end":{"line":16,"column":53}},"line":16},"5":{"name":"onClick","decl":{"start":{"line":23,"column":57},"end":{"line":23,"column":88}},"loc":{"start":{"line":23,"column":57},"end":{"line":23,"column":88}},"line":23}},"f":{"0":6,"1":2,"2":1,"3":2,"4":0,"5":2}}
,"/workspaces/codespaces-blank/Portfolio-Repository/Portfolio-Repository2/fullstackopen/part5/bloglist-frontend/src/tests/BlogForm.jsx": {"path":"/workspaces/codespaces-blank/Portfolio-Repository/Portfolio-Repository2/fullstackopen/part5/bloglist-frontend/src/tests/BlogForm.jsx","all":false,"statementMap":{"0":{"start":{"line":1,"column":0},"end":{"line":1,"column":30}},"1":{"start":{"line":2,"column":0},"end":{"line":2,"column":40}},"2":{"start":{"line":3,"column":0},"end":{"line":3,"column":46}},"3":{"start":{"line":4,"column":0},"end":{"line":4,"column":48}},"4":{"start":{"line":5,"column":0},"end":{"line":5,"column":42}},"5":{"start":{"line":6,"column":0},"end":{"line":6,"column":39}},"6":{"start":{"line":7,"column":0},"end":{"line":7,"column":26}},"7":{"start":{"line":8,"column":0},"end":{"line":8,"column":24}},"8":{"start":{"line":9,"column":0},"end":{"line":9,"column":22}},"9":{"start":{"line":10,"column":0},"end":{"line":10,"column":24}},"10":{"start":{"line":11,"column":0},"end":{"line":11,"column":17}},"11":{"start":{"line":12,"column":0},"end":{"line":12,"column":5}},"12":{"start":{"line":13,"column":0},"end":{"line":13,"column":28}},"13":{"start":{"line":14,"column":0},"end":{"line":14,"column":19}},"14":{"start":{"line":15,"column":0},"end":{"line":15,"column":20}},"15":{"start":{"line":16,"column":0},"end":{"line":16,"column":17}},"16":{"start":{"line":17,"column":0},"end":{"line":17,"column":3}},"17":{"start":{"line":18,"column":0},"end":{"line":18,"column":10}},"18":{"start":{"line":19,"column":0},"end":{"line":19,"column":38}},"19":{"start":{"line":20,"column":0},"end":{"line":20,"column":11}},"20":{"start":{"line":21,"column":0},"end":{"line":21,"column":21}},"21":{"start":{"line":22,"column":0},"end":{"line":22,"column":21}},"22":{"start":{"line":23,"column":0},"end":{"line":23,"column":26}},"23":{"start":{"line":24,"column":0},"end":{"line":24,"column":62}},"24":{"start":{"line":25,"column":0},"end":{"line":25,"column":29}},"25":{"start":{"line":26,"column":0},"end":{"line":26,"column":10}},"26":{"start":{"line":27,"column":0},"end":{"line":27,"column":12}},"27":{"start":{"line":28,"column":0},"end":{"line":28,"column":11}},"28":{"start":{"line":29,"column":0},"end":{"line":29,"column":22}},"29":{"start":{"line":30,"column":0},"end":{"line":30,"column":21}},"30":{"start":{"line":31,"column":0},"end":{"line":31,"column":27}},"31":{"start":{"line":32,"column":0},"end":{"line":32,"column":30}},"32":{"start":{"line":33,"column":0},"end":{"line":33,"column":63}},"33":{"start":{"line":34,"column":0},"end":{"line":34,"column":10}},"34":{"start":{"line":35,"column":0},"end":{"line":35,"column":12}},"35":{"start":{"line":36,"column":0},"end":{"line":36,"column":11}},"36":{"start":{"line":37,"column":0},"end":{"line":37,"column":19}},"37":{"start":{"line":38,"column":0},"end":{"line":38,"column":21}},"38":{"start":{"line":39,"column":0},"end":{"line":39,"column":24}},"39":{"start":{"line":40,"column":0},"end":{"line":40,"column":28}},"40":{"start":{"line":41,"column":0},"end":{"line":41,"column":60}},"41":{"start":{"line":42,"column":0},"end":{"line":42,"column":10}},"42":{"start":{"line":43,"column":0},"end":{"line":43,"column":12}},"43":{"start":{"line":44,"column":0},"end":{"line":44,"column":43}},"44":{"start":{"line":45,"column":0},"end":{"line":45,"column":11}},"46":{"start":{"line":47,"column":0},"end":{"line":47,"column":1}},"47":{"start":{"line":48,"column":0},"end":{"line":48,"column":23}}},"s":{"0":1,"1":1,"2":54,"3":54,"4":54,"5":54,"6":1,"7":1,"8":1,"9":1,"10":1,"11":1,"12":1,"13":1,"14":1,"15":1,"16":1,"17":54,"18":54,"19":54,"20":54,"21":54,"22":54,"23":54,"24":54,"25":54,"26":54,"27":54,"28":54,"29":54,"30":54,"31":54,"32":54,"33":54,"34":54,"35":54,"36":54,"37":54,"38":54,"39":54,"40":54,"41":54,"42":54,"43":54,"44":54,"46":54,"47":1},"branchMap":{"0":{"type":"branch","line":2,"loc":{"start":{"line":2,"column":17},"end":{"line":47,"column":1}},"locations":[{"start":{"line":2,"column":17},"end":{"line":47,"column":1}}]},"1":{"type":"branch","line":6,"loc":{"start":{"line":6,"column":27},"end":{"line":17,"column":3}},"locations":[{"start":{"line":6,"column":27},"end":{"line":17,"column":3}}]},"2":{"type":"branch","line":24,"loc":{"start":{"line":24,"column":20},"end":{"line":24,"column":62}},"locations":[{"start":{"line":24,"column":20},"end":{"line":24,"column":62}}]},"3":{"type":"branch","line":33,"loc":{"start":{"line":33,"column":20},"end":{"line":33,"column":63}},"locations":[{"start":{"line":33,"column":20},"end":{"line":33,"column":63}}]},"4":{"type":"branch","line":41,"loc":{"start":{"line":41,"column":20},"end":{"line":41,"column":60}},"locations":[{"start":{"line":41,"column":20},"end":{"line":41,"column":60}}]}},"b":{"0":[54],"1":[1],"2":[8],"3":[9],"4":[35]},"fnMap":{"0":{"name":"BlogForm","decl":{"start":{"line":2,"column":17},"end":{"line":47,"column":1}},"loc":{"start":{"line":2,"column":17},"end":{"line":47,"column":1}},"line":2},"1":{"name":"handleBlogSubmit","decl":{"start":{"line":6,"column":27},"end":{"line":17,"column":3}},"loc":{"start":{"line":6,"column":27},"end":{"line":17,"column":3}},"line":6},"2":{"name":"onChange","decl":{"start":{"line":24,"column":20},"end":{"line":24,"column":62}},"loc":{"start":{"line":24,"column":20},"end":{"line":24,"column":62}},"line":24},"3":{"name":"onChange","decl":{"start":{"line":33,"column":20},"end":{"line":33,"column":63}},"loc":{"start":{"line":33,"column":20},"end":{"line":33,"column":63}},"line":33},"4":{"name":"onChange","decl":{"start":{"line":41,"column":20},"end":{"line":41,"column":60}},"loc":{"start":{"line":41,"column":20},"end":{"line":41,"column":60}},"line":41}},"f":{"0":54,"1":1,"2":8,"3":9,"4":35}}
}
